<?xml version="1.0" encoding="UTF-8"?>
<!-- Generated by org.testng.reporters.JUnitReportReporter -->
<testsuite name="com.timesofindia.org.TestClass" tests="1" time="0.016" ignored="0" failures="0" timestamp="08 Jun 2017 09:08:15 GMT" skipped="0" hostname="icpl12186" errors="0">
  <testcase name="main" time="0.016" classname="com.timesofindia.org.TestClass"/>
</testsuite> <!-- com.timesofindia.org.TestClass -->
